2026-04-11 02:44:28 | INFO     | src.core.transformer:__init__:16 - Transformador Orion inicializado.
2026-04-11 02:44:28 | INFO     | src.core.transformer:transform_contracts:32 - Transformação concluída. 1 de 1 contratos válidos.
2026-04-11 02:44:28 | INFO     | src.core.transformer:__init__:16 - Transformador Orion inicializado.
2026-04-11 02:44:28 | WARNING  | src.core.transformer:transform_contracts:27 - Contrato inválido no índice 0 (pulando): 1 validation error for Contract
valorTotalHomologado
  Input should be a valid number, unable to parse string as a number [type=float_parsing, input_value='float_invalido', input_type=str]
    For further information visit https://errors.pydantic.dev/2.12/v/float_parsing
2026-04-11 02:44:28 | INFO     | src.core.transformer:transform_contracts:32 - Transformação concluída. 1 de 2 contratos válidos.
2026-04-11 02:44:28 | INFO     | __main__:main:7 - Pipeline ETL Orion iniciado.
2026-04-11 02:44:28 | INFO     | src.core.extractor:__init__:27 - Extrator inicializado para o endpoint https://pncp.gov.br/api/consulta/v1/contratacoes/publicacao
2026-04-11 02:44:28 | INFO     | src.core.transformer:__init__:16 - Transformador Orion inicializado.
2026-04-11 02:44:28 | INFO     | src.core.loader:__init__:22 - Carregador Orion inicializado para orion.contracts
2026-04-11 02:44:28 | INFO     | src.core.extractor:extract_contracts:106 - Iniciando extração de contratos do PNCP.
2026-04-11 02:44:29 | WARNING  | src.core.extractor:_request_page:85 - Tentativa 1/3 falhou na página 1: 400 Client Error:  for url: https://pncp.gov.br/api/consulta/v1/contratacoes/publicacao?pagina=1&tamanhoPagina=50&dataInicial=20260410&dataFinal=20260411
2026-04-11 02:44:30 | WARNING  | src.core.extractor:_request_page:85 - Tentativa 2/3 falhou na página 1: 400 Client Error:  for url: https://pncp.gov.br/api/consulta/v1/contratacoes/publicacao?pagina=1&tamanhoPagina=50&dataInicial=20260410&dataFinal=20260411
2026-04-11 02:44:32 | WARNING  | src.core.extractor:_request_page:85 - Tentativa 3/3 falhou na página 1: 400 Client Error:  for url: https://pncp.gov.br/api/consulta/v1/contratacoes/publicacao?pagina=1&tamanhoPagina=50&dataInicial=20260410&dataFinal=20260411
2026-04-11 02:44:32 | ERROR    | __main__:main:31 - Pipeline ETL falhou: Falha ao consultar a página 1.
2026-04-11 02:44:32 | INFO     | __main__:main:36 - Pipeline ETL Orion finalizado.
2026-04-11 02:50:30 | INFO     | src.core.transformer:__init__:16 - Transformador Orion inicializado.
2026-04-11 02:50:30 | INFO     | src.core.transformer:transform_contracts:32 - Transformação concluída. 1 de 1 contratos válidos.
2026-04-11 02:50:30 | INFO     | src.core.transformer:__init__:16 - Transformador Orion inicializado.
2026-04-11 02:50:30 | INFO     | src.core.transformer:transform_contracts:32 - Transformação concluída. 1 de 1 contratos válidos.
2026-04-11 02:50:30 | INFO     | __main__:main:7 - Pipeline ETL Orion iniciado.
2026-04-11 02:50:30 | INFO     | src.core.extractor:__init__:34 - Extrator inicializado para o endpoint https://pncp.gov.br/api/consulta/v1/contratacoes/publicacao
2026-04-11 02:50:30 | INFO     | src.core.transformer:__init__:16 - Transformador Orion inicializado.
2026-04-11 02:50:30 | INFO     | src.core.loader:__init__:22 - Carregador Orion inicializado para orion.contracts
2026-04-11 02:50:30 | INFO     | src.core.extractor:extract_contracts:147 - Iniciando extração de contratos do PNCP.
2026-04-11 02:51:31 | WARNING  | src.core.extractor:_request_page:114 - Tentativa 1/3 falhou na página 1: HTTPSConnectionPool(host='pncp.gov.br', port=443): Read timed out. (read timeout=60)
2026-04-11 02:53:19 | WARNING  | src.core.extractor:_request_page:114 - Tentativa 2/3 falhou na página 1: HTTPSConnectionPool(host='pncp.gov.br', port=443): Read timed out. (read timeout=60)
2026-04-11 02:53:22 | WARNING  | src.core.extractor:_request_page:126 - Tentativa 3/3 falhou na página 1: HTTP 400 na página 1. URL: https://pncp.gov.br/api/consulta/v1/contratacoes/publicacao?pagina=1&tamanhoPagina=50&dataInicial=20260410&dataFinal=20260410 | Detalhe: Required parameter 'codigoModalidadeContratacao' is not present.
2026-04-11 02:53:22 | ERROR    | __main__:main:31 - Pipeline ETL falhou: Falha ao consultar a página 1.
2026-04-11 02:53:22 | INFO     | __main__:main:36 - Pipeline ETL Orion finalizado.
2026-04-11 02:54:48 | INFO     | src.core.transformer:__init__:16 - Transformador Orion inicializado.
2026-04-11 02:54:48 | INFO     | src.core.transformer:transform_contracts:32 - Transformação concluída. 1 de 1 contratos válidos.
2026-04-11 02:54:48 | INFO     | src.core.transformer:__init__:16 - Transformador Orion inicializado.
2026-04-11 02:54:48 | INFO     | src.core.transformer:transform_contracts:32 - Transformação concluída. 1 de 1 contratos válidos.
2026-04-11 02:54:48 | INFO     | __main__:main:7 - Pipeline ETL Orion iniciado.
2026-04-11 02:54:48 | INFO     | src.core.extractor:__init__:34 - Extrator inicializado para o endpoint https://pncp.gov.br/api/consulta/v1/contratacoes/publicacao
2026-04-11 02:54:48 | INFO     | src.core.transformer:__init__:16 - Transformador Orion inicializado.
2026-04-11 02:54:48 | INFO     | src.core.loader:__init__:22 - Carregador Orion inicializado para orion.contracts
2026-04-11 02:54:48 | INFO     | src.core.extractor:extract_contracts:168 - Iniciando extração de contratos do PNCP.
2026-04-11 02:54:48 | INFO     | src.core.extractor:_request_page:82 - Consultando PNCP | página=1 | params={'pagina': 1, 'tamanhoPagina': 10, 'dataInicial': '20240625', 'dataFinal': '20240625', 'uf': 'AL', 'codigoModalidadeContratacao': 6}
2026-04-11 02:54:49 | INFO     | src.core.extractor:_request_page:92 - Resposta recebida | tentativa=1 | página=1 | status=200 | url=https://pncp.gov.br/api/consulta/v1/contratacoes/publicacao?pagina=1&tamanhoPagina=10&dataInicial=20240625&dataFinal=20240625&uf=AL&codigoModalidadeContratacao=6
2026-04-11 02:54:49 | INFO     | src.core.extractor:extract_contracts:186 - Total de páginas identificado: 2
2026-04-11 02:54:49 | INFO     | src.core.extractor:extract_contracts:196 - Página 1 extraída com 10 registros.
2026-04-11 02:54:49 | INFO     | src.core.extractor:extract_contracts:172 - Limite de páginas configurado atingido: 1
2026-04-11 02:54:49 | INFO     | src.core.extractor:extract_contracts:203 - Extração concluída com 10 contratos.
2026-04-11 02:54:49 | INFO     | src.core.transformer:transform_contracts:32 - Transformação concluída. 10 de 10 contratos válidos.
2026-04-11 02:54:49 | ERROR    | src.core.loader:connect:35 - Erro PyMongo inesperado durante a conexão: The DNS query name does not exist: _mongodb._tcp.cluster0.xxxxx.mongodb.net.
2026-04-11 02:54:49 | ERROR    | __main__:main:31 - Pipeline ETL falhou: Erro PyMongo durante a conexão: The DNS query name does not exist: _mongodb._tcp.cluster0.xxxxx.mongodb.net.
2026-04-11 02:54:49 | INFO     | __main__:main:36 - Pipeline ETL Orion finalizado.
2026-04-11 03:09:17 | INFO     | __main__:main:7 - Pipeline ETL Orion iniciado.
2026-04-11 03:09:17 | INFO     | src.core.extractor:__init__:34 - Extrator inicializado para o endpoint https://pncp.gov.br/api/consulta/v1/contratacoes/publicacao
2026-04-11 03:09:17 | INFO     | src.core.transformer:__init__:16 - Transformador Orion inicializado.
2026-04-11 03:09:17 | INFO     | src.core.loader:__init__:22 - Carregador Orion inicializado para orion.contracts
2026-04-11 03:09:17 | INFO     | src.core.extractor:extract_contracts:168 - Iniciando extração de contratos do PNCP.
2026-04-11 03:09:17 | INFO     | src.core.extractor:_request_page:82 - Consultando PNCP | página=1 | params={'pagina': 1, 'tamanhoPagina': 10, 'dataInicial': '20240625', 'dataFinal': '20240625', 'uf': 'AL', 'codigoModalidadeContratacao': 6}
2026-04-11 03:12:19 | WARNING  | src.core.extractor:_request_page:123 - Timeout na tentativa 1/3 da página 1. Params: {'pagina': 1, 'tamanhoPagina': 10, 'dataInicial': '20240625', 'dataFinal': '20240625', 'uf': 'AL', 'codigoModalidadeContratacao': 6}
2026-04-11 03:17:22 | INFO     | src.core.extractor:_request_page:92 - Resposta recebida | tentativa=2 | página=1 | status=200 | url=https://pncp.gov.br/api/consulta/v1/contratacoes/publicacao?pagina=1&tamanhoPagina=10&dataInicial=20240625&dataFinal=20240625&uf=AL&codigoModalidadeContratacao=6
2026-04-11 03:17:25 | INFO     | src.core.extractor:extract_contracts:186 - Total de páginas identificado: 2
2026-04-11 03:17:25 | INFO     | src.core.extractor:extract_contracts:196 - Página 1 extraída com 10 registros.
2026-04-11 03:17:25 | INFO     | src.core.extractor:extract_contracts:172 - Limite de páginas configurado atingido: 1
2026-04-11 03:17:25 | INFO     | src.core.extractor:extract_contracts:203 - Extração concluída com 10 contratos.
2026-04-11 03:17:25 | INFO     | src.core.transformer:transform_contracts:32 - Transformação concluída. 10 de 10 contratos válidos.
2026-04-11 03:17:26 | INFO     | src.core.loader:close:42 - Conexão com o MongoDB fechada.
2026-04-11 03:17:26 | INFO     | __main__:main:36 - Pipeline ETL Orion finalizado.
2026-04-11 03:21:55 | INFO     | __main__:main:7 - Pipeline ETL Orion iniciado.
2026-04-11 03:21:55 | INFO     | src.core.extractor:__init__:34 - Extrator inicializado para o endpoint https://pncp.gov.br/api/consulta/v1/contratacoes/publicacao
2026-04-11 03:21:55 | INFO     | src.core.transformer:__init__:16 - Transformador Orion inicializado.
2026-04-11 03:21:55 | INFO     | src.core.loader:__init__:34 - Carregador Orion inicializado para orion.contracts
2026-04-11 03:21:55 | INFO     | src.core.extractor:extract_contracts:168 - Iniciando extração de contratos do PNCP.
2026-04-11 03:21:55 | INFO     | src.core.extractor:_request_page:82 - Consultando PNCP | página=1 | params={'pagina': 1, 'tamanhoPagina': 10, 'dataInicial': '20240625', 'dataFinal': '20240625', 'uf': 'AL', 'codigoModalidadeContratacao': 6}
2026-04-11 03:24:57 | WARNING  | src.core.extractor:_request_page:123 - Timeout na tentativa 1/3 da página 1. Params: {'pagina': 1, 'tamanhoPagina': 10, 'dataInicial': '20240625', 'dataFinal': '20240625', 'uf': 'AL', 'codigoModalidadeContratacao': 6}
2026-04-11 03:25:00 | INFO     | src.core.extractor:_request_page:92 - Resposta recebida | tentativa=2 | página=1 | status=200 | url=https://pncp.gov.br/api/consulta/v1/contratacoes/publicacao?pagina=1&tamanhoPagina=10&dataInicial=20240625&dataFinal=20240625&uf=AL&codigoModalidadeContratacao=6
2026-04-11 03:25:00 | INFO     | src.core.extractor:extract_contracts:186 - Total de páginas identificado: 2
2026-04-11 03:25:00 | INFO     | src.core.extractor:extract_contracts:196 - Página 1 extraída com 10 registros.
2026-04-11 03:25:00 | INFO     | src.core.extractor:extract_contracts:172 - Limite de páginas configurado atingido: 1
2026-04-11 03:25:00 | INFO     | src.core.extractor:extract_contracts:203 - Extração concluída com 10 contratos.
2026-04-11 03:25:00 | INFO     | src.core.transformer:transform_contracts:32 - Transformação concluída. 10 de 10 contratos válidos.
2026-04-11 03:25:00 | INFO     | src.core.loader:connect:55 - Validando conexão com MongoDB Atlas via ping.
2026-04-11 03:25:01 | INFO     | src.core.loader:connect:61 - Conexão com MongoDB estabelecida em orion.contracts
2026-04-11 03:25:01 | INFO     | src.core.loader:load_contracts:163 - Carga concluída no MongoDB. Recebidos: 10 | Operações: 10 | Inseridos: 10 | Atualizados: 0
2026-04-11 03:25:01 | INFO     | src.core.loader:close:106 - Conexão com o MongoDB fechada.
2026-04-11 03:25:01 | INFO     | __main__:main:36 - Pipeline ETL Orion finalizado.
